Running: C:\Xilinx\14.7\ISE_DS\ISE\bin\nt\unwrapped\fuse.exe -intstyle ise -incremental -lib unisims_ver -lib unimacro_ver -lib xilinxcorelib_ver -o C:/Users/Alex/Documents/Labs/Lab1/Gates_tb_isim_beh.exe -prj C:/Users/Alex/Documents/Labs/Lab1/Gates_tb_beh.prj work.Gates_tb work.glbl 
ISim P.20131013 (signature 0x8ef4fb42)
Number of CPUs detected in this system: 1
Turning on mult-threading, number of parallel sub-compilation jobs: 0 
Determining compilation order of HDL files
Analyzing Verilog file "C:/Users/Alex/Documents/Labs/Lab1/Gates.v" into library work
Analyzing Verilog file "C:/Users/Alex/Documents/Labs/Lab1/Gates_tb.v" into library work
Analyzing Verilog file "C:/Xilinx/14.7/ISE_DS/ISE//verilog/src/glbl.v" into library work
Starting static elaboration
Completed static elaboration
Fuse Memory Usage: 104000 KB
Fuse CPU Usage: 904 ms
Compiling module Gates
Compiling module Gates_tb
Compiling module glbl
Time Resolution for simulation is 1ps.
Compiled 3 Verilog Units
Built simulation executable C:/Users/Alex/Documents/Labs/Lab1/Gates_tb_isim_beh.exe
Fuse Memory Usage: 107568 KB
Fuse CPU Usage: 966 ms
