#-----------------------------------------------------------
# PlanAhead v14.7
# Build 321239 by xbuild on Fri Sep 27 19:31:35 MDT 2013
# Start of session at: Tue Oct 20 15:18:59 2015
# Process ID: 196
# Log file: C:/Users/Alex/Documents/Labs/Lab1/planAhead_run_1/planAhead.log
# Journal file: C:/Users/Alex/Documents/Labs/Lab1/planAhead_run_1/planAhead.jou
#-----------------------------------------------------------
INFO: [Common 17-78] Attempting to get a license: PlanAhead
INFO: [Common 17-290] Got license for PlanAhead
INFO: [Device 21-36] Loading parts and site information from C:/Xilinx/14.7/ISE_DS/PlanAhead/data/parts/arch.xml
Parsing RTL primitives file [C:/Xilinx/14.7/ISE_DS/PlanAhead/data/parts/xilinx/rtl/prims/rtl_prims.xml]
Finished parsing RTL primitives file [C:/Xilinx/14.7/ISE_DS/PlanAhead/data/parts/xilinx/rtl/prims/rtl_prims.xml]
start_gui
source C:/Users/Alex/Documents/Labs/Lab1/pa.fromNetlist.tcl
# create_project -name Lab1 -dir "C:/Users/Alex/Documents/Labs/Lab1/planAhead_run_1" -part xa3s500eftg256-4
create_project: Time (s): elapsed = 00:00:06 . Memory (MB): peak = 416.438 ; gain = 21.277
# set_property design_mode GateLvl [get_property srcset [current_run -impl]]
# set_property edif_top_file "C:/Users/Alex/Documents/Labs/Lab1/Gates.ngc" [ get_property srcset [ current_run ] ]
# add_files -norecurse { {C:/Users/Alex/Documents/Labs/Lab1} }
# set_property target_constrs_file "Gates.ucf" [current_fileset -constrset]
Adding file 'C:/Users/Alex/Documents/Labs/Lab1/Gates.ucf' to fileset 'constrs_1'
# add_files [list {Gates.ucf}] -fileset [get_property constrset [current_run]]
# link_design
Design is defaulting to srcset: sources_1
Design is defaulting to constrset: constrs_1
Design is defaulting to project part: xa3s500eftg256-4
Release 14.7 - ngc2edif P.20131013 (nt)
Copyright (c) 1995-2013 Xilinx, Inc.  All rights reserved.

Release 14.7 - ngc2edif P.20131013 (nt)
Copyright (c) 1995-2013 Xilinx, Inc.  All rights reserved.
Reading design Gates.ngc ...
WARNING:NetListWriters:298 - No output is written to Gates.xncf, ignored.
Processing design ...
   Preping design's networks ...
   Preping design's macros ...
  finished :Prep
Writing EDIF netlist file Gates.edif ...
ngc2edif: Total memory usage is 55180 kilobytes

Parsing EDIF File [./planAhead_run_1/Lab1.data/cache/Gates_ngc_zx.edif]
Finished Parsing EDIF File [./planAhead_run_1/Lab1.data/cache/Gates_ngc_zx.edif]
INFO: [Designutils 20-910] Reading macro library C:/Xilinx/14.7/ISE_DS/PlanAhead/data\./parts/xilinx/spartan3e/aspartan3e/hd_int_macros.edn
Parsing EDIF File [C:/Xilinx/14.7/ISE_DS/PlanAhead/data\./parts/xilinx/spartan3e/aspartan3e/hd_int_macros.edn]
Finished Parsing EDIF File [C:/Xilinx/14.7/ISE_DS/PlanAhead/data\./parts/xilinx/spartan3e/aspartan3e/hd_int_macros.edn]
Loading clock regions from C:/Xilinx/14.7/ISE_DS/PlanAhead/data\parts/xilinx/spartan3e/aspartan3e/xa3s500e/ClockRegion.xml
Loading clock buffers from C:/Xilinx/14.7/ISE_DS/PlanAhead/data\parts/xilinx/spartan3e/aspartan3e/xa3s500e/ClockBuffers.xml
Loading package from C:/Xilinx/14.7/ISE_DS/PlanAhead/data\parts/xilinx/spartan3e/aspartan3e/xa3s500e/ftg256/Package.xml
Loading io standards from C:/Xilinx/14.7/ISE_DS/PlanAhead/data\./parts/xilinx/spartan3e/IOStandards.xml
INFO: [Device 21-19] Loading pkg sso from C:/Xilinx/14.7/ISE_DS/PlanAhead/data\parts/xilinx/spartan3e/aspartan3e/xa3s500e/ftg256/SSORules.xml
Loading list of drcs for the architecture : C:/Xilinx/14.7/ISE_DS/PlanAhead/data\./parts/xilinx/spartan3e/aspartan3e/drc.xml
INFO: [Timing 38-77] Reading timing library C:/Xilinx/14.7/ISE_DS/PlanAhead/data\parts/xilinx/spartan3e/aspartan3e/aspartan3e-4.lib.
INFO: [Timing 38-34] Done reading timing library C:/Xilinx/14.7/ISE_DS/PlanAhead/data\parts/xilinx/spartan3e/aspartan3e/aspartan3e-4.lib.
Parsing UCF File [C:/Users/Alex/Documents/Labs/Lab1/Gates.ucf]
CRITICAL WARNING: [Constraints 18-5] Cannot loc terminal 'a' at site J11, Illegal to place instance a_IBUF on site J11 [C:/Users/Alex/Documents/Labs/Lab1/Gates.ucf:2]
CRITICAL WARNING: [Constraints 18-5] Cannot loc terminal 'b' at site J12, Illegal to place instance b_IBUF on site J12 [C:/Users/Alex/Documents/Labs/Lab1/Gates.ucf:3]
Finished Parsing UCF File [C:/Users/Alex/Documents/Labs/Lab1/Gates.ucf]
INFO: [Designutils 20-20] Invalid constraints found, use command 'write_ucf -constraints invalid <file>' to save all the invalid constraints to a file
INFO: [Project 1-111] Unisim Transformation Summary:
No Unisim elements were transformed.

Phase 0 | Netlist Checksum: 8692bd5d
link_design: Time (s): elapsed = 00:00:24 . Memory (MB): peak = 476.500 ; gain = 47.078
exit
ERROR: [PlanAhead 12-106] *** Exception: ui.h.b: Found deleted key in HTclEventBroker. Verify if the classes listed here call cleanup()
HTclEvent: DEBUG_CORE_CONFIG_CHANGE   Classes: ui.views.aR 
HTclEvent: SIGNAL_MODIFY   Classes: ui.views.aR 
HTclEvent: DEBUG_PORT_CONFIG_CHANGE   Classes: ui.views.aR 
HTclEvent: SIGNAL_BUS_MODIFY   Classes: ui.views.aR 
 (See C:/Users/Alex/Documents/Labs/Lab1\planAhead_pid196.debug)
ERROR: [Common 17-39] 'stop_gui' failed due to earlier errors.
INFO: [Common 17-206] Exiting PlanAhead at Tue Oct 20 15:47:58 2015...
INFO: [Common 17-83] Releasing license: PlanAhead
