--------------------------------------------------------------------------------
Release 14.7 Trace  (nt)
Copyright (c) 1995-2013 Xilinx, Inc.  All rights reserved.

C:\Xilinx\14.7\ISE_DS\ISE\bin\nt\unwrapped\trce.exe -intstyle ise -v 3 -s 5 -n
3 -fastpaths -xml ALU.twx ALU.ncd -o ALU.twr ALU.pcf

Design file:              ALU.ncd
Physical constraint file: ALU.pcf
Device,package,speed:     xc3s500e,ft256,-5 (PRODUCTION 1.27 2013-10-13)
Report level:             verbose report

Environment Variable      Effect 
--------------------      ------ 
NONE                      No environment variables were set
--------------------------------------------------------------------------------

INFO:Timing:2698 - No timing constraints found, doing default enumeration.
INFO:Timing:3412 - To improve timing, see the Timing Closure User Guide (UG612).
INFO:Timing:2752 - To get complete path coverage, use the unconstrained paths 
   option. All paths that are not constrained will be reported in the 
   unconstrained paths section(s) of the report.
INFO:Timing:3339 - The clock-to-out numbers in this timing report are based on 
   a 50 Ohm transmission line loading model.  For the details of this model, 
   and for more information on accounting for different loading conditions, 
   please see the device datasheet.
INFO:Timing:3390 - This architecture does not support a default System Jitter 
   value, please add SYSTEM_JITTER constraint to the UCF to modify the Clock 
   Uncertainty calculation.
INFO:Timing:3389 - This architecture does not support 'Discrete Jitter' and 
   'Phase Error' calculations, these terms will be zero in the Clock 
   Uncertainty calculation.  Please make appropriate modification to 
   SYSTEM_JITTER to account for the unsupported Discrete Jitter and Phase 
   Error.



Data Sheet report:
-----------------
All values displayed in nanoseconds (ns)

Pad to Pad
---------------+---------------+---------+
Source Pad     |Destination Pad|  Delay  |
---------------+---------------+---------+
_function<0>   |result<0>      |    6.038|
_function<0>   |result<1>      |    8.197|
_function<0>   |result<2>      |    9.982|
_function<0>   |result<3>      |    9.979|
_function<1>   |result<0>      |    5.890|
_function<1>   |result<1>      |    8.178|
_function<1>   |result<2>      |    9.963|
_function<1>   |result<3>      |    9.960|
_function<2>   |result<0>      |    5.891|
_function<2>   |result<1>      |    7.929|
_function<2>   |result<2>      |    9.714|
_function<2>   |result<3>      |    9.711|
a<0>           |result<0>      |    6.410|
a<0>           |result<1>      |    7.539|
a<0>           |result<2>      |    9.324|
a<0>           |result<3>      |    9.321|
a<1>           |result<1>      |    6.868|
a<1>           |result<2>      |    8.512|
a<1>           |result<3>      |    8.509|
a<2>           |result<2>      |    7.618|
a<2>           |result<3>      |    7.588|
a<3>           |result<3>      |    6.964|
b<0>           |result<0>      |    5.824|
b<0>           |result<1>      |    7.538|
b<0>           |result<2>      |    9.323|
b<0>           |result<3>      |    9.320|
b<1>           |result<1>      |    6.460|
b<1>           |result<2>      |    8.106|
b<1>           |result<3>      |    8.103|
b<2>           |result<2>      |    7.314|
b<2>           |result<3>      |    7.313|
b<3>           |result<3>      |    6.754|
---------------+---------------+---------+


Analysis completed Wed Mar 23 22:00:44 2016 
--------------------------------------------------------------------------------

Trace Settings:
-------------------------
Trace Settings 

Peak Memory Usage: 119 MB



