ISim log file
Running: C:\Users\Alex\Documents\Labs\Clock\test_isim_beh.exe -intstyle ise -gui -tclbatch isim.cmd -wdb C:/Users/Alex/Documents/Labs/Clock/test_isim_beh.wdb 
ISim P.20131013 (signature 0x8ef4fb42)
This is a Full version of ISim.
Time resolution is 1 ps
# onerror resume
# wave add /
# run 1000 ns
Simulator is doing circuit initialization process.
Finished circuit initialization process.
# run 1.00us
# run all
# run 1.00us
# run 1.00us
# run 1.00us
# run 1.00us
# run 1.00us
# restart
# run all
Simulator is doing circuit initialization process.
Finished circuit initialization process.
# run 1.00us
# run 1.00us
# run 1.00us
# run 1.00us
# run 1.00us
# run 1.00us
# run 1.00us
# run 1.00us
# run 1.00us
# run 1.00us
# run all
# run 1.00us
# run all
# run all
# run 1000.00us
# step
# step
# step
# step
# step
# step
# run 1000.00s
# restart
# run all
Simulator is doing circuit initialization process.
Finished circuit initialization process.
# run all
# run all
# run all
# run all
# run all
# run all
# run all
# run all
# run all
# run all
# restart
