Release 14.7 - xst P.20131013 (nt)
Copyright (c) 1995-2013 Xilinx, Inc.  All rights reserved.
--> Parameter TMPDIR set to xst/projnav.tmp


Total REAL time to Xst completion: 1.00 secs
Total CPU time to Xst completion: 0.25 secs
 
--> Parameter xsthdpdir set to xst


Total REAL time to Xst completion: 1.00 secs
Total CPU time to Xst completion: 0.26 secs
 
--> Reading design: SCounter_Main.prj

TABLE OF CONTENTS
  1) Synthesis Options Summary
  2) HDL Compilation
  3) Design Hierarchy Analysis
  4) HDL Analysis
  5) HDL Synthesis
     5.1) HDL Synthesis Report
  6) Advanced HDL Synthesis
     6.1) Advanced HDL Synthesis Report
  7) Low Level Synthesis
  8) Partition Report
  9) Final Report
	9.1) Device utilization summary
	9.2) Partition Resource Summary
	9.3) TIMING REPORT


=========================================================================
*                      Synthesis Options Summary                        *
=========================================================================
---- Source Parameters
Input File Name                    : "SCounter_Main.prj"
Input Format                       : mixed
Ignore Synthesis Constraint File   : NO

---- Target Parameters
Output File Name                   : "SCounter_Main"
Output Format                      : NGC
Target Device                      : xa3s500e-4-ftg256

---- Source Options
Top Module Name                    : SCounter_Main
Automatic FSM Extraction           : YES
FSM Encoding Algorithm             : Auto
Safe Implementation                : No
FSM Style                          : LUT
RAM Extraction                     : Yes
RAM Style                          : Auto
ROM Extraction                     : Yes
Mux Style                          : Auto
Decoder Extraction                 : YES
Priority Encoder Extraction        : Yes
Shift Register Extraction          : YES
Logical Shifter Extraction         : YES
XOR Collapsing                     : YES
ROM Style                          : Auto
Mux Extraction                     : Yes
Resource Sharing                   : YES
Asynchronous To Synchronous        : NO
Multiplier Style                   : Auto
Automatic Register Balancing       : No

---- Target Options
Add IO Buffers                     : YES
Global Maximum Fanout              : 100000
Add Generic Clock Buffer(BUFG)     : 24
Register Duplication               : YES
Slice Packing                      : YES
Optimize Instantiated Primitives   : NO
Use Clock Enable                   : Yes
Use Synchronous Set                : Yes
Use Synchronous Reset              : Yes
Pack IO Registers into IOBs        : Auto
Equivalent register Removal        : YES

---- General Options
Optimization Goal                  : Speed
Optimization Effort                : 1
Keep Hierarchy                     : No
Netlist Hierarchy                  : As_Optimized
RTL Output                         : Yes
Global Optimization                : AllClockNets
Read Cores                         : YES
Write Timing Constraints           : NO
Cross Clock Analysis               : NO
Hierarchy Separator                : /
Bus Delimiter                      : <>
Case Specifier                     : Maintain
Slice Utilization Ratio            : 100
BRAM Utilization Ratio             : 100
Verilog 2001                       : YES
Auto BRAM Packing                  : NO
Slice Utilization Ratio Delta      : 5

=========================================================================


=========================================================================
*                          HDL Compilation                              *
=========================================================================
Compiling verilog file "SevenSegmentDec.v" in library work
Compiling verilog file "SCounter.v" in library work
Module <SevenSegmentDec> compiled
Compiling verilog file "clock.v" in library work
Module <SCounter> compiled
Compiling verilog file "SCounter_Main.v" in library work
Module <Clock> compiled
Module <SCounter_Main> compiled
No errors in compilation
Analysis of file <"SCounter_Main.prj"> succeeded.
 

=========================================================================
*                     Design Hierarchy Analysis                         *
=========================================================================
Analyzing hierarchy for module <SCounter_Main> in library <work>.

Analyzing hierarchy for module <Clock> in library <work>.

Analyzing hierarchy for module <SCounter> in library <work>.

Analyzing hierarchy for module <SevenSegmentDec> in library <work>.


=========================================================================
*                            HDL Analysis                               *
=========================================================================
Analyzing top module <SCounter_Main>.
Module <SCounter_Main> is correct for synthesis.
 
Analyzing module <Clock> in library <work>.
Module <Clock> is correct for synthesis.
 
Analyzing module <SCounter> in library <work>.
Module <SCounter> is correct for synthesis.
 
Analyzing module <SevenSegmentDec> in library <work>.
Module <SevenSegmentDec> is correct for synthesis.
 

=========================================================================
*                           HDL Synthesis                               *
=========================================================================

Performing bidirectional port resolution...

Synthesizing Unit <Clock>.
    Related source file is "clock.v".
WARNING:Xst:737 - Found 1-bit latch for signal <pulse>. Latches may be generated from incomplete case or if statements. We do not recommend the use of latches in FPGA/CPLD designs, as they may lead to timing problems.
    Found 30-bit adder for signal <old_counter_1$addsub0000> created at line 30.
    Summary:
	inferred   1 Adder/Subtractor(s).
Unit <Clock> synthesized.


Synthesizing Unit <SCounter>.
    Related source file is "SCounter.v".
    Found 4-bit up counter for signal <count>.
    Summary:
	inferred   1 Counter(s).
Unit <SCounter> synthesized.


Synthesizing Unit <SevenSegmentDec>.
    Related source file is "SevenSegmentDec.v".
    Found 16x7-bit ROM for signal <segments>.
    Summary:
	inferred   1 ROM(s).
Unit <SevenSegmentDec> synthesized.


Synthesizing Unit <SCounter_Main>.
    Related source file is "SCounter_Main.v".
Unit <SCounter_Main> synthesized.


=========================================================================
HDL Synthesis Report

Macro Statistics
# ROMs                                                 : 1
 16x7-bit ROM                                          : 1
# Adders/Subtractors                                   : 1
 30-bit adder                                          : 1
# Counters                                             : 1
 4-bit up counter                                      : 1
# Latches                                              : 1
 1-bit latch                                           : 1

=========================================================================

=========================================================================
*                       Advanced HDL Synthesis                          *
=========================================================================


=========================================================================
Advanced HDL Synthesis Report

Macro Statistics
# ROMs                                                 : 1
 16x7-bit ROM                                          : 1
# Adders/Subtractors                                   : 1
 30-bit adder                                          : 1
# Counters                                             : 1
 4-bit up counter                                      : 1
# Latches                                              : 1
 1-bit latch                                           : 1

=========================================================================

=========================================================================
*                         Low Level Synthesis                           *
=========================================================================
WARNING:Xst:2170 - Unit Clock : the following signal(s) form a combinatorial loop: counter<0>, pulse_cmp_eq0000, Madd_old_counter_1_addsub0000_lut<0>, old_counter_1_addsub0000<0>.

Optimizing unit <SCounter_Main> ...

Optimizing unit <Clock> ...

Mapping all equations...
Building and optimizing final netlist ...
Found area constraint ratio of 100 (+ 5) on block SCounter_Main, actual ratio is 0.

Final Macro Processing ...

=========================================================================
Final Register Report

Macro Statistics
# Registers                                            : 4
 Flip-Flops                                            : 4

=========================================================================

=========================================================================
*                           Partition Report                            *
=========================================================================

Partition Implementation Status
-------------------------------

  No Partitions were found in this design.

-------------------------------

=========================================================================
*                            Final Report                               *
=========================================================================
Final Results
RTL Top Level Output File Name     : SCounter_Main.ngr
Top Level Output File Name         : SCounter_Main
Output Format                      : NGC
Optimization Goal                  : Speed
Keep Hierarchy                     : No

Design Statistics
# IOs                              : 9

Cell Usage :
# BELS                             : 121
#      GND                         : 1
#      INV                         : 3
#      LUT2                        : 32
#      LUT3                        : 2
#      LUT4                        : 15
#      MUXCY                       : 37
#      VCC                         : 1
#      XORCY                       : 30
# FlipFlops/Latches                : 5
#      FDR                         : 4
#      LD                          : 1
# IO Buffers                       : 9
#      IBUF                        : 2
#      OBUF                        : 7
=========================================================================

Device utilization summary:
---------------------------

Selected Device : xa3s500eftg256-4 

 Number of Slices:                       27  out of   4656     0%  
 Number of Slice Flip Flops:              5  out of   9312     0%  
 Number of 4 input LUTs:                 52  out of   9312     0%  
 Number of IOs:                           9
 Number of bonded IOBs:                   9  out of    190     4%  

---------------------------
Partition Resource Summary:
---------------------------

  No Partitions were found in this design.

---------------------------


=========================================================================
TIMING REPORT

NOTE: THESE TIMING NUMBERS ARE ONLY A SYNTHESIS ESTIMATE.
      FOR ACCURATE TIMING INFORMATION PLEASE REFER TO THE TRACE REPORT
      GENERATED AFTER PLACE-and-ROUTE.

Clock Information:
------------------
-----------------------------------------------------------+------------------------+-------+
Clock Signal                                               | Clock buffer(FF name)  | Load  |
-----------------------------------------------------------+------------------------+-------+
clock1/pulse                                               | NONE(counter1/count_0) | 4     |
clock1/pulse_cmp_eq0000(clock1/pulse_cmp_eq0000_wg_cy<7>:O)| NONE(*)(clock1/pulse)  | 1     |
-----------------------------------------------------------+------------------------+-------+
(*) This 1 clock signal(s) are generated by combinatorial logic,
and XST is not able to identify which are the primary clock signals.
Please use the CLOCK_SIGNAL constraint to specify the clock signal(s) generated by combinatorial logic.
INFO:Xst:2169 - HDL ADVISOR - Some clock signals were not automatically buffered by XST with BUFG/BUFR resources. Please use the buffer_type constraint in order to insert these buffers to the clock signals to help prevent skew problems.

Asynchronous Control Signals Information:
----------------------------------------
No asynchronous control signals found in this design

Timing Summary:
---------------
Speed Grade: -4

   Minimum period: 2.956ns (Maximum Frequency: 338.295MHz)
   Minimum input arrival time before clock: 2.716ns
   Maximum output required time after clock: 6.095ns
   Maximum combinational path delay: No path found

Timing Detail:
--------------
All values displayed in nanoseconds (ns)

=========================================================================
Timing constraint: Default period analysis for Clock 'clock1/pulse'
  Clock period: 2.956ns (frequency: 338.295MHz)
  Total number of paths / destination ports: 10 / 4
-------------------------------------------------------------------------
Delay:               2.956ns (Levels of Logic = 1)
  Source:            counter1/count_0 (FF)
  Destination:       counter1/count_0 (FF)
  Source Clock:      clock1/pulse rising
  Destination Clock: clock1/pulse rising

  Data Path: counter1/count_0 to counter1/count_0
                                Gate     Net
    Cell:in->out      fanout   Delay   Delay  Logical Name (Net Name)
    ----------------------------------------  ------------
     FDR:C->Q             11   0.591   0.933  counter1/count_0 (counter1/count_0)
     INV:I->O              1   0.704   0.420  counter1/Mcount_count_xor<0>11_INV_0 (Result<0>)
     FDR:D                     0.308          counter1/count_0
    ----------------------------------------
    Total                      2.956ns (1.603ns logic, 1.353ns route)
                                       (54.2% logic, 45.8% route)

=========================================================================
Timing constraint: Default period analysis for Clock 'clock1/pulse_cmp_eq0000'
  Clock period: 2.741ns (frequency: 364.830MHz)
  Total number of paths / destination ports: 1 / 1
-------------------------------------------------------------------------
Delay:               2.741ns (Levels of Logic = 1)
  Source:            clock1/pulse (LATCH)
  Destination:       clock1/pulse (LATCH)
  Source Clock:      clock1/pulse_cmp_eq0000 falling
  Destination Clock: clock1/pulse_cmp_eq0000 falling

  Data Path: clock1/pulse to clock1/pulse
                                Gate     Net
    Cell:in->out      fanout   Delay   Delay  Logical Name (Net Name)
    ----------------------------------------  ------------
     LD:G->Q               5   0.676   0.633  clock1/pulse (clock1/pulse)
     INV:I->O              1   0.704   0.420  clock1/pulse_not00011_INV_0 (clock1/pulse_not0001)
     LD:D                      0.308          clock1/pulse
    ----------------------------------------
    Total                      2.741ns (1.688ns logic, 1.053ns route)
                                       (61.6% logic, 38.4% route)

=========================================================================
Timing constraint: Default OFFSET IN BEFORE for Clock 'clock1/pulse'
  Total number of paths / destination ports: 4 / 4
-------------------------------------------------------------------------
Offset:              2.716ns (Levels of Logic = 1)
  Source:            reset (PAD)
  Destination:       counter1/count_0 (FF)
  Destination Clock: clock1/pulse rising

  Data Path: reset to counter1/count_0
                                Gate     Net
    Cell:in->out      fanout   Delay   Delay  Logical Name (Net Name)
    ----------------------------------------  ------------
     IBUF:I->O             4   1.218   0.587  reset_IBUF (reset_IBUF)
     FDR:R                     0.911          counter1/count_0
    ----------------------------------------
    Total                      2.716ns (2.129ns logic, 0.587ns route)
                                       (78.4% logic, 21.6% route)

=========================================================================
Timing constraint: Default OFFSET OUT AFTER for Clock 'clock1/pulse'
  Total number of paths / destination ports: 28 / 7
-------------------------------------------------------------------------
Offset:              6.095ns (Levels of Logic = 2)
  Source:            counter1/count_0 (FF)
  Destination:       segments<5> (PAD)
  Source Clock:      clock1/pulse rising

  Data Path: counter1/count_0 to segments<5>
                                Gate     Net
    Cell:in->out      fanout   Delay   Delay  Logical Name (Net Name)
    ----------------------------------------  ------------
     FDR:C->Q             11   0.591   1.108  counter1/count_0 (counter1/count_0)
     LUT4:I0->O            1   0.704   0.420  ssdec1/Mrom_segments41 (segments_4_OBUF)
     OBUF:I->O                 3.272          segments_4_OBUF (segments<4>)
    ----------------------------------------
    Total                      6.095ns (4.567ns logic, 1.528ns route)
                                       (74.9% logic, 25.1% route)

=========================================================================


Total REAL time to Xst completion: 7.00 secs
Total CPU time to Xst completion: 6.89 secs
 
--> 

Total memory usage is 201896 kilobytes

Number of errors   :    0 (   0 filtered)
Number of warnings :    2 (   0 filtered)
Number of infos    :    1 (   0 filtered)

