Release 14.7 - xst P.20131013 (nt)
Copyright (c) 1995-2013 Xilinx, Inc.  All rights reserved.
--> Parameter TMPDIR set to xst/projnav.tmp


Total REAL time to Xst completion: 1.00 secs
Total CPU time to Xst completion: 0.83 secs
 
--> Parameter xsthdpdir set to xst


Total REAL time to Xst completion: 1.00 secs
Total CPU time to Xst completion: 0.84 secs
 
--> Reading design: SyncRom_Main.prj

TABLE OF CONTENTS
  1) Synthesis Options Summary
  2) HDL Compilation
  3) Design Hierarchy Analysis
  4) HDL Analysis
  5) HDL Synthesis
     5.1) HDL Synthesis Report
  6) Advanced HDL Synthesis
     6.1) Advanced HDL Synthesis Report
  7) Low Level Synthesis
  8) Partition Report
  9) Final Report
	9.1) Device utilization summary
	9.2) Partition Resource Summary
	9.3) TIMING REPORT


=========================================================================
*                      Synthesis Options Summary                        *
=========================================================================
---- Source Parameters
Input File Name                    : "SyncRom_Main.prj"
Input Format                       : mixed
Ignore Synthesis Constraint File   : NO

---- Target Parameters
Output File Name                   : "SyncRom_Main"
Output Format                      : NGC
Target Device                      : xa3s500e-4-ftg256

---- Source Options
Top Module Name                    : SyncRom_Main
Automatic FSM Extraction           : YES
FSM Encoding Algorithm             : Auto
Safe Implementation                : No
FSM Style                          : LUT
RAM Extraction                     : Yes
RAM Style                          : Auto
ROM Extraction                     : Yes
Mux Style                          : Auto
Decoder Extraction                 : YES
Priority Encoder Extraction        : Yes
Shift Register Extraction          : YES
Logical Shifter Extraction         : YES
XOR Collapsing                     : YES
ROM Style                          : Auto
Mux Extraction                     : Yes
Resource Sharing                   : YES
Asynchronous To Synchronous        : NO
Multiplier Style                   : Auto
Automatic Register Balancing       : No

---- Target Options
Add IO Buffers                     : YES
Global Maximum Fanout              : 500
Add Generic Clock Buffer(BUFG)     : 24
Register Duplication               : YES
Slice Packing                      : YES
Optimize Instantiated Primitives   : NO
Use Clock Enable                   : Yes
Use Synchronous Set                : Yes
Use Synchronous Reset              : Yes
Pack IO Registers into IOBs        : Auto
Equivalent register Removal        : YES

---- General Options
Optimization Goal                  : Speed
Optimization Effort                : 1
Keep Hierarchy                     : No
Netlist Hierarchy                  : As_Optimized
RTL Output                         : Yes
Global Optimization                : AllClockNets
Read Cores                         : YES
Write Timing Constraints           : NO
Cross Clock Analysis               : NO
Hierarchy Separator                : /
Bus Delimiter                      : <>
Case Specifier                     : Maintain
Slice Utilization Ratio            : 100
BRAM Utilization Ratio             : 100
Verilog 2001                       : YES
Auto BRAM Packing                  : NO
Slice Utilization Ratio Delta      : 5

=========================================================================


=========================================================================
*                          HDL Compilation                              *
=========================================================================
Compiling verilog file "SyncRom.v" in library work
Compiling verilog file "SevenSegmentDec.v" in library work
Module <SyncRom> compiled
Compiling verilog file "SyncRom_Main.v" in library work
Module <SevenSegmentDec> compiled
Module <SyncRom_Main> compiled
No errors in compilation
Analysis of file <"SyncRom_Main.prj"> succeeded.
 

=========================================================================
*                     Design Hierarchy Analysis                         *
=========================================================================
Analyzing hierarchy for module <SyncRom_Main> in library <work>.

Analyzing hierarchy for module <SyncRom> in library <work>.

Analyzing hierarchy for module <SevenSegmentDec> in library <work>.


=========================================================================
*                            HDL Analysis                               *
=========================================================================
Analyzing top module <SyncRom_Main>.
Module <SyncRom_Main> is correct for synthesis.
 
Analyzing module <SyncRom> in library <work>.
Module <SyncRom> is correct for synthesis.
 
Analyzing module <SevenSegmentDec> in library <work>.
Module <SevenSegmentDec> is correct for synthesis.
 

=========================================================================
*                           HDL Synthesis                               *
=========================================================================

Performing bidirectional port resolution...

Synthesizing Unit <SyncRom>.
    Related source file is "SyncRom.v".
    Found 16x4-bit ROM for signal <rdata$mux0000> created at line 33.
    Found 4-bit register for signal <rdata>.
    Summary:
	inferred   1 ROM(s).
	inferred   4 D-type flip-flop(s).
Unit <SyncRom> synthesized.


Synthesizing Unit <SevenSegmentDec>.
    Related source file is "SevenSegmentDec.v".
    Found 16x14-bit ROM for signal <segments>.
    Summary:
	inferred   1 ROM(s).
Unit <SevenSegmentDec> synthesized.


Synthesizing Unit <SyncRom_Main>.
    Related source file is "SyncRom_Main.v".
Unit <SyncRom_Main> synthesized.


=========================================================================
HDL Synthesis Report

Macro Statistics
# ROMs                                                 : 2
 16x14-bit ROM                                         : 1
 16x4-bit ROM                                          : 1
# Registers                                            : 1
 4-bit register                                        : 1

=========================================================================

=========================================================================
*                       Advanced HDL Synthesis                          *
=========================================================================


Synthesizing (advanced) Unit <SyncRom>.
INFO:Xst:3034 - In order to maximize performance and save block RAM resources, the small ROM <Mrom_rdata_mux0000> will be implemented on LUT. If you want to force its implementation on block, use option/constraint rom_style.
Unit <SyncRom> synthesized (advanced).

=========================================================================
Advanced HDL Synthesis Report

Macro Statistics
# ROMs                                                 : 2
 16x14-bit ROM                                         : 1
 16x4-bit ROM                                          : 1
# Registers                                            : 4
 Flip-Flops                                            : 4

=========================================================================

=========================================================================
*                         Low Level Synthesis                           *
=========================================================================

Optimizing unit <SyncRom_Main> ...

Mapping all equations...
Building and optimizing final netlist ...
Found area constraint ratio of 100 (+ 5) on block SyncRom_Main, actual ratio is 0.
FlipFlop rom/rdata_3 has been replicated 1 time(s) to handle iob=true attribute.
FlipFlop rom/rdata_2 has been replicated 1 time(s) to handle iob=true attribute.
FlipFlop rom/rdata_1 has been replicated 1 time(s) to handle iob=true attribute.
FlipFlop rom/rdata_0 has been replicated 1 time(s) to handle iob=true attribute.

Final Macro Processing ...

=========================================================================
Final Register Report

Macro Statistics
# Registers                                            : 8
 Flip-Flops                                            : 8

=========================================================================

=========================================================================
*                           Partition Report                            *
=========================================================================

Partition Implementation Status
-------------------------------

  No Partitions were found in this design.

-------------------------------

=========================================================================
*                            Final Report                               *
=========================================================================
Final Results
RTL Top Level Output File Name     : SyncRom_Main.ngr
Top Level Output File Name         : SyncRom_Main
Output Format                      : NGC
Optimization Goal                  : Speed
Keep Hierarchy                     : No

Design Statistics
# IOs                              : 23

Cell Usage :
# BELS                             : 10
#      GND                         : 1
#      LUT3                        : 1
#      LUT4                        : 7
#      VCC                         : 1
# FlipFlops/Latches                : 8
#      FD                          : 8
# Clock Buffers                    : 1
#      BUFGP                       : 1
# IO Buffers                       : 22
#      IBUF                        : 4
#      OBUF                        : 18
=========================================================================

Device utilization summary:
---------------------------

Selected Device : xa3s500eftg256-4 

 Number of Slices:                        4  out of   4656     0%  
 Number of 4 input LUTs:                  8  out of   9312     0%  
 Number of IOs:                          23
 Number of bonded IOBs:                  23  out of    190    12%  
    IOB Flip Flops:                       8
 Number of GCLKs:                         1  out of     24     4%  

---------------------------
Partition Resource Summary:
---------------------------

  No Partitions were found in this design.

---------------------------


=========================================================================
TIMING REPORT

NOTE: THESE TIMING NUMBERS ARE ONLY A SYNTHESIS ESTIMATE.
      FOR ACCURATE TIMING INFORMATION PLEASE REFER TO THE TRACE REPORT
      GENERATED AFTER PLACE-and-ROUTE.

Clock Information:
------------------
-----------------------------------+------------------------+-------+
Clock Signal                       | Clock buffer(FF name)  | Load  |
-----------------------------------+------------------------+-------+
clk                                | BUFGP                  | 8     |
-----------------------------------+------------------------+-------+

Asynchronous Control Signals Information:
----------------------------------------
No asynchronous control signals found in this design

Timing Summary:
---------------
Speed Grade: -4

   Minimum period: No path found
   Minimum input arrival time before clock: 1.973ns
   Maximum output required time after clock: 6.086ns
   Maximum combinational path delay: No path found

Timing Detail:
--------------
All values displayed in nanoseconds (ns)

=========================================================================
Timing constraint: Default OFFSET IN BEFORE for Clock 'clk'
  Total number of paths / destination ports: 8 / 8
-------------------------------------------------------------------------
Offset:              1.973ns (Levels of Logic = 1)
  Source:            address<3> (PAD)
  Destination:       rom/rdata_3 (FF)
  Destination Clock: clk rising

  Data Path: address<3> to rom/rdata_3
                                Gate     Net
    Cell:in->out      fanout   Delay   Delay  Logical Name (Net Name)
    ----------------------------------------  ------------
     IBUF:I->O             2   1.218   0.447  address_3_IBUF (address_3_IBUF)
     FD:D                      0.308          rom/rdata_3
    ----------------------------------------
    Total                      1.973ns (1.526ns logic, 0.447ns route)
                                       (77.3% logic, 22.7% route)

=========================================================================
Timing constraint: Default OFFSET OUT AFTER for Clock 'clk'
  Total number of paths / destination ports: 44 / 15
-------------------------------------------------------------------------
Offset:              6.086ns (Levels of Logic = 2)
  Source:            rom/rdata_3 (FF)
  Destination:       segments<12> (PAD)
  Source Clock:      clk rising

  Data Path: rom/rdata_3 to segments<12>
                                Gate     Net
    Cell:in->out      fanout   Delay   Delay  Logical Name (Net Name)
    ----------------------------------------  ------------
     FD:C->Q               8   0.591   0.932  rom/rdata_3 (rom/rdata_3)
     LUT3:I0->O            4   0.704   0.587  segments<11>1 (segments_11_OBUF)
     OBUF:I->O                 3.272          segments_12_OBUF (segments<12>)
    ----------------------------------------
    Total                      6.086ns (4.567ns logic, 1.519ns route)
                                       (75.0% logic, 25.0% route)

=========================================================================


Total REAL time to Xst completion: 22.00 secs
Total CPU time to Xst completion: 21.98 secs
 
--> 

Total memory usage is 200616 kilobytes

Number of errors   :    0 (   0 filtered)
Number of warnings :    0 (   0 filtered)
Number of infos    :    1 (   0 filtered)

