Release 14.7 - xst P.20131013 (nt)
Copyright (c) 1995-2013 Xilinx, Inc.  All rights reserved.
--> Parameter TMPDIR set to xst/projnav.tmp


Total REAL time to Xst completion: 0.00 secs
Total CPU time to Xst completion: 0.45 secs
 
--> Parameter xsthdpdir set to xst


Total REAL time to Xst completion: 0.00 secs
Total CPU time to Xst completion: 0.45 secs
 
--> Reading design: RegisterFile.prj

TABLE OF CONTENTS
  1) Synthesis Options Summary
  2) HDL Compilation
  3) Design Hierarchy Analysis
  4) HDL Analysis
  5) HDL Synthesis
     5.1) HDL Synthesis Report
  6) Advanced HDL Synthesis
     6.1) Advanced HDL Synthesis Report
  7) Low Level Synthesis
  8) Partition Report
  9) Final Report
	9.1) Device utilization summary
	9.2) Partition Resource Summary
	9.3) TIMING REPORT


=========================================================================
*                      Synthesis Options Summary                        *
=========================================================================
---- Source Parameters
Input File Name                    : "RegisterFile.prj"
Input Format                       : mixed
Ignore Synthesis Constraint File   : NO

---- Target Parameters
Output File Name                   : "RegisterFile"
Output Format                      : NGC
Target Device                      : xc3s500e-5-ft256

---- Source Options
Top Module Name                    : RegisterFile
Automatic FSM Extraction           : YES
FSM Encoding Algorithm             : Auto
Safe Implementation                : No
FSM Style                          : LUT
RAM Extraction                     : Yes
RAM Style                          : Auto
ROM Extraction                     : Yes
Mux Style                          : Auto
Decoder Extraction                 : YES
Priority Encoder Extraction        : Yes
Shift Register Extraction          : YES
Logical Shifter Extraction         : YES
XOR Collapsing                     : YES
ROM Style                          : Auto
Mux Extraction                     : Yes
Resource Sharing                   : YES
Asynchronous To Synchronous        : NO
Multiplier Style                   : Auto
Automatic Register Balancing       : No

---- Target Options
Add IO Buffers                     : YES
Global Maximum Fanout              : 500
Add Generic Clock Buffer(BUFG)     : 24
Register Duplication               : YES
Slice Packing                      : YES
Optimize Instantiated Primitives   : NO
Use Clock Enable                   : Yes
Use Synchronous Set                : Yes
Use Synchronous Reset              : Yes
Pack IO Registers into IOBs        : Auto
Equivalent register Removal        : YES

---- General Options
Optimization Goal                  : Speed
Optimization Effort                : 1
Keep Hierarchy                     : No
Netlist Hierarchy                  : As_Optimized
RTL Output                         : Yes
Global Optimization                : AllClockNets
Read Cores                         : YES
Write Timing Constraints           : NO
Cross Clock Analysis               : NO
Hierarchy Separator                : /
Bus Delimiter                      : <>
Case Specifier                     : Maintain
Slice Utilization Ratio            : 100
BRAM Utilization Ratio             : 100
Verilog 2001                       : YES
Auto BRAM Packing                  : NO
Slice Utilization Ratio Delta      : 5

=========================================================================


=========================================================================
*                          HDL Compilation                              *
=========================================================================
Compiling verilog file "RegisterFile.v" in library work
Module <RegisterFile> compiled
No errors in compilation
Analysis of file <"RegisterFile.prj"> succeeded.
 

=========================================================================
*                     Design Hierarchy Analysis                         *
=========================================================================
Analyzing hierarchy for module <RegisterFile> in library <work>.


=========================================================================
*                            HDL Analysis                               *
=========================================================================
Analyzing top module <RegisterFile>.
Module <RegisterFile> is correct for synthesis.
 

=========================================================================
*                           HDL Synthesis                               *
=========================================================================

Performing bidirectional port resolution...

Synthesizing Unit <RegisterFile>.
    Related source file is "RegisterFile.v".
WARNING:Xst:647 - Input <read_addr2> is never used. This port will be preserved and left unconnected if it belongs to a top-level block or it belongs to a sub-block and the hierarchy of this sub-block is preserved.
WARNING:Xst:1306 - Output <read_data2> is never assigned.
    Found 4x8-bit dual-port RAM <Mram_registers> for signal <registers>.
    Found 4x8-bit dual-port RAM <Mram_registers_ren> for signal <registers>.
    Summary:
	inferred   2 RAM(s).
Unit <RegisterFile> synthesized.


=========================================================================
HDL Synthesis Report

Macro Statistics
# RAMs                                                 : 2
 4x8-bit dual-port RAM                                 : 2

=========================================================================

=========================================================================
*                       Advanced HDL Synthesis                          *
=========================================================================


Synthesizing (advanced) Unit <RegisterFile>.
INFO:Xst:3218 - HDL ADVISOR - The RAM <Mram_registers> will be implemented on LUTs either because you have described an asynchronous read or because of currently unsupported block RAM features. If you have described an asynchronous read, making it synchronous would allow you to take advantage of available block RAM resources, for optimized device usage and improved timings. Please refer to your documentation for coding guidelines.
    -----------------------------------------------------------------------
    | ram_type           | Distributed                         |          |
    -----------------------------------------------------------------------
    | Port A                                                              |
    |     aspect ratio   | 4-word x 8-bit                      |          |
    |     clkA           | connected to signal <clk>           | rise     |
    |     weA            | connected to signal <write_enable>  | high     |
    |     addrA          | connected to signal <write_addr>    |          |
    |     diA            | connected to signal <write_data>    |          |
    -----------------------------------------------------------------------
    | Port B                                                              |
    |     aspect ratio   | 4-word x 8-bit                      |          |
    |     addrB          | connected to signal <read_addr1>    |          |
    |     doB            | connected to signal <read_data1>    |          |
    -----------------------------------------------------------------------
INFO:Xst:3218 - HDL ADVISOR - The RAM <Mram_registers_ren> will be implemented on LUTs either because you have described an asynchronous read or because of currently unsupported block RAM features. If you have described an asynchronous read, making it synchronous would allow you to take advantage of available block RAM resources, for optimized device usage and improved timings. Please refer to your documentation for coding guidelines.
    -----------------------------------------------------------------------
    | ram_type           | Distributed                         |          |
    -----------------------------------------------------------------------
    | Port A                                                              |
    |     aspect ratio   | 4-word x 8-bit                      |          |
    |     clkA           | connected to signal <clk>           | rise     |
    |     weA            | connected to signal <write_enable>  | high     |
    |     addrA          | connected to signal <write_addr>    |          |
    |     diA            | connected to signal <write_data>    |          |
    -----------------------------------------------------------------------
    | Port B                                                              |
    |     aspect ratio   | 4-word x 8-bit                      |          |
    |     addrB          | connected to signal <read_addr1>    |          |
    |     doB            | connected to signal <read_data1>    |          |
    -----------------------------------------------------------------------
Unit <RegisterFile> synthesized (advanced).

=========================================================================
Advanced HDL Synthesis Report

Macro Statistics
# RAMs                                                 : 2
 4x8-bit dual-port distributed RAM                     : 2

=========================================================================

=========================================================================
*                         Low Level Synthesis                           *
=========================================================================

ERROR:Xst:528 - Multi-source in Unit <RegisterFile> on signal <read_data1<7>>; this signal is connected to multiple drivers.
Drivers are: 
   Output port doB<7> of instance <Mram_registers> of inferred macro RAM
   Output port doB<7> of instance <Mram_registers_ren> of inferred macro RAM

ERROR:Xst:528 - Multi-source in Unit <RegisterFile> on signal <read_data1<6>>; this signal is connected to multiple drivers.
Drivers are: 
   Output port doB<6> of instance <Mram_registers> of inferred macro RAM
   Output port doB<6> of instance <Mram_registers_ren> of inferred macro RAM

ERROR:Xst:528 - Multi-source in Unit <RegisterFile> on signal <read_data1<5>>; this signal is connected to multiple drivers.
Drivers are: 
   Output port doB<5> of instance <Mram_registers> of inferred macro RAM
   Output port doB<5> of instance <Mram_registers_ren> of inferred macro RAM

ERROR:Xst:528 - Multi-source in Unit <RegisterFile> on signal <read_data1<4>>; this signal is connected to multiple drivers.
Drivers are: 
   Output port doB<4> of instance <Mram_registers> of inferred macro RAM
   Output port doB<4> of instance <Mram_registers_ren> of inferred macro RAM

ERROR:Xst:528 - Multi-source in Unit <RegisterFile> on signal <read_data1<3>>; this signal is connected to multiple drivers.
Drivers are: 
   Output port doB<3> of instance <Mram_registers> of inferred macro RAM
   Output port doB<3> of instance <Mram_registers_ren> of inferred macro RAM

ERROR:Xst:528 - Multi-source in Unit <RegisterFile> on signal <read_data1<2>>; this signal is connected to multiple drivers.
Drivers are: 
   Output port doB<2> of instance <Mram_registers> of inferred macro RAM
   Output port doB<2> of instance <Mram_registers_ren> of inferred macro RAM

ERROR:Xst:528 - Multi-source in Unit <RegisterFile> on signal <read_data1<1>>; this signal is connected to multiple drivers.
Drivers are: 
   Output port doB<1> of instance <Mram_registers> of inferred macro RAM
   Output port doB<1> of instance <Mram_registers_ren> of inferred macro RAM

ERROR:Xst:528 - Multi-source in Unit <RegisterFile> on signal <read_data1<0>>; this signal is connected to multiple drivers.
Drivers are: 
   Output port doB<0> of instance <Mram_registers> of inferred macro RAM
   Output port doB<0> of instance <Mram_registers_ren> of inferred macro RAM


Total REAL time to Xst completion: 11.00 secs
Total CPU time to Xst completion: 10.75 secs
 
--> 

Total memory usage is 199848 kilobytes

Number of errors   :    8 (   0 filtered)
Number of warnings :    2 (   0 filtered)
Number of infos    :    2 (   0 filtered)

