Running: C:\Xilinx\14.7\ISE_DS\ISE\bin\nt\unwrapped\fuse.exe -intstyle ise -incremental -lib unisims_ver -lib unimacro_ver -lib xilinxcorelib_ver -o C:/Users/Alex/Documents/Labs/Lab7/ControlUnit_tb_isim_beh.exe -prj C:/Users/Alex/Documents/Labs/Lab7/ControlUnit_tb_beh.prj work.ControlUnit_tb work.glbl 
ISim P.20131013 (signature 0x8ef4fb42)
Number of CPUs detected in this system: 1
Turning on mult-threading, number of parallel sub-compilation jobs: 0 
Determining compilation order of HDL files
Analyzing Verilog file "C:/Users/Alex/Documents/Labs/Lab7/ControlUnit.v" into library work
Analyzing Verilog file "C:/Users/Alex/Documents/Labs/Lab7/ControlUnit_tb.v" into library work
Analyzing Verilog file "C:/Xilinx/14.7/ISE_DS/ISE//verilog/src/glbl.v" into library work
Starting static elaboration
Completed static elaboration
Fuse Memory Usage: 103488 KB
Fuse CPU Usage: 1122 ms
Compiling module ControlUnit
Compiling module ControlUnit_tb
Compiling module glbl
Time Resolution for simulation is 1ps.
Compiled 3 Verilog Units
Built simulation executable C:/Users/Alex/Documents/Labs/Lab7/ControlUnit_tb_isim_beh.exe
Fuse Memory Usage: 107056 KB
Fuse CPU Usage: 1310 ms
